# JRE version: OpenJDK Runtime Environment Temurin-17.0.16+8 (17.0.16+8) (build 17.0.16+8)
# Java VM: OpenJDK 64-Bit Server VM Temurin-17.0.16+8 (17.0.16+8, mixed mode, sharing, tiered, compressed oops, compressed class ptrs, g1 gc, windows-amd64)
GC Precious Log:
 CPUs: 16 total, 16 available
 Memory: 8010M
 Large Page Support: Disabled
 NUMA Support: Disabled
 Compressed Oops: Enabled (Zero based)
 Heap Region Size: 4M
 Heap Min Capacity: 8M
 Heap Initial Capacity: 128M
 Heap Max Capacity: 8G
 Pre-touch: Disabled
 Parallel Workers: 13
 Concurrent Workers: 3
 Concurrent Refinement Workers: 13
 Periodic GC: Disabled
Heap:
 garbage-first heap   total 634880K, used 447231K [0x0000000600000000, 0x0000000800000000)
  region size 4096K, 63 young (258048K), 5 survivors (20480K)
 Metaspace       used 199196K, committed 200448K, reserved 1245184K
  class space    used 26115K, committed 26752K, reserved 1048576K
GC Heap History (20 events):
Event: 40.586 GC heap before
{Heap before GC invocations=37 (full 0):
 garbage-first heap   total 409600K, used 330012K [0x0000000600000000, 0x0000000800000000)
  region size 4096K, 41 young (167936K), 3 survivors (12288K)
 Metaspace       used 170940K, committed 171968K, reserved 1245184K
  class space    used 22482K, committed 22976K, reserved 1048576K
}
Event: 40.596 GC heap after
{Heap after GC invocations=38 (full 0):
 garbage-first heap   total 409600K, used 179334K [0x0000000600000000, 0x0000000800000000)
  region size 4096K, 5 young (20480K), 5 survivors (20480K)
 Metaspace       used 170940K, committed 171968K, reserved 1245184K
  class space    used 22482K, committed 22976K, reserved 1048576K
}
Event: 42.303 GC heap before
{Heap before GC invocations=38 (full 0):
 garbage-first heap   total 409600K, used 310406K [0x0000000600000000, 0x0000000800000000)
  region size 4096K, 36 young (147456K), 5 survivors (20480K)
 Metaspace       used 178888K, committed 179904K, reserved 1245184K
  class space    used 23278K, committed 23744K, reserved 1048576K
}
Event: 42.315 GC heap after
{Heap after GC invocations=39 (full 0):
 garbage-first heap   total 409600K, used 199320K [0x0000000600000000, 0x0000000800000000)
  region size 4096K, 5 young (20480K), 5 survivors (20480K)
 Metaspace       used 178888K, committed 179904K, reserved 1245184K
  class space    used 23278K, committed 23744K, reserved 1048576K
}
Event: 42.343 GC heap before
{Heap before GC invocations=39 (full 0):
 garbage-first heap   total 409600K, used 244376K [0x0000000600000000, 0x0000000800000000)
  region size 4096K, 7 young (28672K), 5 survivors (20480K)
 Metaspace       used 178959K, committed 180032K, reserved 1245184K
  class space    used 23286K, committed 23808K, reserved 1048576K
}
Event: 42.351 GC heap after
{Heap after GC invocations=40 (full 0):
 garbage-first heap   total 409600K, used 240814K [0x0000000600000000, 0x0000000800000000)
  region size 4096K, 3 young (12288K), 3 survivors (12288K)
 Metaspace       used 178959K, committed 180032K, reserved 1245184K
  class space    used 23286K, committed 23808K, reserved 1048576K
}
Event: 42.775 GC heap before
{Heap before GC invocations=41 (full 0):
 garbage-first heap   total 528384K, used 359598K [0x0000000600000000, 0x0000000800000000)
  region size 4096K, 20 young (81920K), 3 survivors (12288K)
 Metaspace       used 179270K, committed 180352K, reserved 1245184K
  class space    used 23335K, committed 23872K, reserved 1048576K
}
Event: 42.780 GC heap after
{Heap after GC invocations=42 (full 0):
 garbage-first heap   total 528384K, used 270050K [0x0000000600000000, 0x0000000800000000)
  region size 4096K, 1 young (4096K), 1 survivors (4096K)
 Metaspace       used 179270K, committed 180352K, reserved 1245184K
  class space    used 23335K, committed 23872K, reserved 1048576K
}
Event: 42.868 GC heap before
{Heap before GC invocations=42 (full 0):
 garbage-first heap   total 528384K, used 290530K [0x0000000600000000, 0x0000000800000000)
  region size 4096K, 7 young (28672K), 1 survivors (4096K)
 Metaspace       used 179274K, committed 180352K, reserved 1245184K
  class space    used 23335K, committed 23872K, reserved 1048576K
}
Event: 42.870 GC heap after
{Heap after GC invocations=43 (full 0):
 garbage-first heap   total 528384K, used 263428K [0x0000000600000000, 0x0000000800000000)
  region size 4096K, 1 young (4096K), 1 survivors (4096K)
 Metaspace       used 179274K, committed 180352K, reserved 1245184K
  class space    used 23335K, committed 23872K, reserved 1048576K
}
Event: 43.352 GC heap before
{Heap before GC invocations=43 (full 0):
 garbage-first heap   total 528384K, used 394500K [0x0000000600000000, 0x0000000800000000)
  region size 4096K, 34 young (139264K), 1 survivors (4096K)
 Metaspace       used 179291K, committed 180352K, reserved 1245184K
  class space    used 23335K, committed 23872K, reserved 1048576K
}
Event: 43.356 GC heap after
{Heap after GC invocations=44 (full 0):
 garbage-first heap   total 528384K, used 264115K [0x0000000600000000, 0x0000000800000000)
  region size 4096K, 1 young (4096K), 1 survivors (4096K)
 Metaspace       used 179291K, committed 180352K, reserved 1245184K
  class space    used 23335K, committed 23872K, reserved 1048576K
}
Event: 48.000 GC heap before
{Heap before GC invocations=45 (full 0):
 garbage-first heap   total 528384K, used 370611K [0x0000000600000000, 0x0000000800000000)
  region size 4096K, 37 young (151552K), 1 survivors (4096K)
 Metaspace       used 186862K, committed 188096K, reserved 1245184K
  class space    used 24134K, committed 24768K, reserved 1048576K
}
Event: 48.005 GC heap after
{Heap after GC invocations=46 (full 0):
 garbage-first heap   total 528384K, used 193483K [0x0000000600000000, 0x0000000800000000)
  region size 4096K, 3 young (12288K), 3 survivors (12288K)
 Metaspace       used 186862K, committed 188096K, reserved 1245184K
  class space    used 24134K, committed 24768K, reserved 1048576K
}
Event: 48.026 GC heap before
{Heap before GC invocations=46 (full 0):
 garbage-first heap   total 528384K, used 201675K [0x0000000600000000, 0x0000000800000000)
  region size 4096K, 6 young (24576K), 3 survivors (12288K)
 Metaspace       used 186970K, committed 188160K, reserved 1245184K
  class space    used 24155K, committed 24768K, reserved 1048576K
}
Event: 48.033 GC heap after
{Heap after GC invocations=47 (full 0):
 garbage-first heap   total 528384K, used 189524K [0x0000000600000000, 0x0000000800000000)
  region size 4096K, 1 young (4096K), 1 survivors (4096K)
 Metaspace       used 186970K, committed 188160K, reserved 1245184K
  class space    used 24155K, committed 24768K, reserved 1048576K
}
Event: 48.511 GC heap before
{Heap before GC invocations=47 (full 0):
 garbage-first heap   total 528384K, used 341076K [0x0000000600000000, 0x0000000800000000)
  region size 4096K, 40 young (163840K), 1 survivors (4096K)
 Metaspace       used 187171K, committed 188416K, reserved 1245184K
  class space    used 24196K, committed 24832K, reserved 1048576K
}
Event: 48.556 GC heap after
{Heap after GC invocations=48 (full 0):
 garbage-first heap   total 634880K, used 196198K [0x0000000600000000, 0x0000000800000000)
  region size 4096K, 2 young (8192K), 2 survivors (8192K)
 Metaspace       used 187171K, committed 188416K, reserved 1245184K
  class space    used 24196K, committed 24832K, reserved 1048576K
}
Event: 48.984 GC heap before
{Heap before GC invocations=48 (full 0):
 garbage-first heap   total 634880K, used 237158K [0x0000000600000000, 0x0000000800000000)
  region size 4096K, 13 young (53248K), 2 survivors (8192K)
 Metaspace       used 190688K, committed 191936K, reserved 1245184K
  class space    used 24708K, committed 25344K, reserved 1048576K
}
Event: 48.991 GC heap after
{Heap after GC invocations=49 (full 0):
 garbage-first heap   total 634880K, used 209663K [0x0000000600000000, 0x0000000800000000)
  region size 4096K, 5 young (20480K), 5 survivors (20480K)
 Metaspace       used 190688K, committed 191936K, reserved 1245184K
  class space    used 24708K, committed 25344K, reserved 1048576K
}

